<?xml version="1.0" encoding="UTF-8"?>
<!-- Generated by org.testng.reporters.JUnitReportReporter -->
<testsuite hostname="DESKTOP-UB1RTVK" failures="0" tests="1" name="com.ebay.SimpleTests" time="20.532" errors="0" timestamp="2021-10-28T04:51:38 CEST" skipped="0">
  <testcase classname="com.ebay.SimpleTests" name="watchlistBasicTest" time="20.532"/>
  <system-out/>
</testsuite> <!-- com.ebay.SimpleTests -->
