<?xml version="1.0" encoding="UTF-8"?>
<!-- Generated by org.testng.reporters.JUnitReportReporter -->
<testsuite hostname="DESKTOP-UB1RTVK" failures="0" tests="1" name="cz.alza.SimpleTests" time="5.667" errors="0" timestamp="2021-10-28T05:31:10 CEST" skipped="0">
  <testcase classname="cz.alza.SimpleTests" name="simpleSearchTest" time="5.667"/>
  <system-out/>
</testsuite> <!-- cz.alza.SimpleTests -->
