<?xml version="1.0" encoding="UTF-8"?>
<!-- Generated by org.testng.reporters.JUnitReportReporter -->
<testsuite hostname="DESKTOP-UB1RTVK" failures="0" tests="1" name="com.ebay.SimpleTests" time="13.984" errors="0" timestamp="2021-10-25T06:43:31 CEST" skipped="0">
  <testcase classname="com.ebay.SimpleTests" name="simpleSearchTest" time="13.984"/>
  <system-out/>
</testsuite> <!-- com.ebay.SimpleTests -->
